<?xml version="1.0" encoding="UTF-8"?>
<testng-results ignored="0" total="11" passed="11" failed="0" skipped="0">
  <reporter-output>
  </reporter-output>
  <suite started-at="2020-09-17T12:20:27 MSK" name="likeasnake" finished-at="2020-09-17T12:22:16 MSK" duration-ms="108891">
    <groups>
    </groups>
    <test started-at="2020-09-17T12:20:27 MSK" name="api+begin" finished-at="2020-09-17T12:20:51 MSK" duration-ms="24165">
      <class name="TestsUI.TestoAmbiente">
        <test-method is-config="true" signature="openPage()[pri:0, instance:TestsUI.TestoAmbiente@52fc5eb1]" started-at="2020-09-17T12:20:35 MSK" name="openPage" finished-at="2020-09-17T12:20:44 MSK" duration-ms="9100" status="PASS">
          <reporter-output>
          </reporter-output>
        </test-method> <!-- openPage -->
        <test-method signature="addMilesTest()[pri:0, instance:TestsUI.TestoAmbiente@52fc5eb1]" started-at="2020-09-17T12:20:44 MSK" name="addMilesTest" finished-at="2020-09-17T12:20:50 MSK" duration-ms="5718" status="PASS">
          <reporter-output>
          </reporter-output>
        </test-method> <!-- addMilesTest -->
        <test-method is-config="true" signature="closePage()[pri:0, instance:TestsUI.TestoAmbiente@52fc5eb1]" started-at="2020-09-17T12:20:50 MSK" name="closePage" finished-at="2020-09-17T12:20:51 MSK" duration-ms="675" status="PASS">
          <reporter-output>
          </reporter-output>
        </test-method> <!-- closePage -->
      </class> <!-- TestsUI.TestoAmbiente -->
      <class name="TestsAPI.apiTest">
        <test-method is-config="true" signature="setup()[pri:0, instance:TestsAPI.apiTest@4cbd03e7]" started-at="2020-09-17T12:20:27 MSK" name="setup" finished-at="2020-09-17T12:20:28 MSK" duration-ms="1558" status="PASS">
          <reporter-output>
          </reporter-output>
        </test-method> <!-- setup -->
        <test-method signature="addMilestone()[pri:0, instance:TestsAPI.apiTest@4cbd03e7]" started-at="2020-09-17T12:20:28 MSK" name="addMilestone" finished-at="2020-09-17T12:20:33 MSK" duration-ms="4573" status="PASS">
          <reporter-output>
          </reporter-output>
        </test-method> <!-- addMilestone -->
        <test-method is-config="true" signature="setup()[pri:0, instance:TestsAPI.apiTest@4cbd03e7]" started-at="2020-09-17T12:20:33 MSK" name="setup" finished-at="2020-09-17T12:20:33 MSK" duration-ms="4" status="PASS">
          <reporter-output>
          </reporter-output>
        </test-method> <!-- setup -->
        <test-method signature="getMilesIAMNOTOK()[pri:0, instance:TestsAPI.apiTest@4cbd03e7]" started-at="2020-09-17T12:20:33 MSK" name="getMilesIAMNOTOK" finished-at="2020-09-17T12:20:34 MSK" duration-ms="1169" status="PASS">
          <reporter-output>
          </reporter-output>
        </test-method> <!-- getMilesIAMNOTOK -->
        <test-method is-config="true" signature="setup()[pri:0, instance:TestsAPI.apiTest@4cbd03e7]" started-at="2020-09-17T12:20:34 MSK" name="setup" finished-at="2020-09-17T12:20:34 MSK" duration-ms="24" status="PASS">
          <reporter-output>
          </reporter-output>
        </test-method> <!-- setup -->
        <test-method signature="getMilesIAMOK()[pri:0, instance:TestsAPI.apiTest@4cbd03e7]" started-at="2020-09-17T12:20:34 MSK" name="getMilesIAMOK" finished-at="2020-09-17T12:20:35 MSK" duration-ms="1045" status="PASS">
          <reporter-output>
          </reporter-output>
        </test-method> <!-- getMilesIAMOK -->
      </class> <!-- TestsAPI.apiTest -->
    </test> <!-- api+begin -->
    <test started-at="2020-09-17T12:20:51 MSK" name="pos+neg" finished-at="2020-09-17T12:22:04 MSK" duration-ms="73088">
      <class name="TestsUI.TestoPositivaNegativa">
        <test-method is-config="true" signature="openPage()[pri:0, instance:TestsUI.TestoPositivaNegativa@476ec9d0]" started-at="2020-09-17T12:20:51 MSK" name="openPage" finished-at="2020-09-17T12:21:00 MSK" duration-ms="9470" status="PASS">
          <reporter-output>
          </reporter-output>
        </test-method> <!-- openPage -->
        <test-method signature="badDataTest()[pri:0, instance:TestsUI.TestoPositivaNegativa@476ec9d0]" started-at="2020-09-17T12:21:00 MSK" name="badDataTest" finished-at="2020-09-17T12:21:04 MSK" duration-ms="3976" status="PASS">
          <reporter-output>
          </reporter-output>
        </test-method> <!-- badDataTest -->
        <test-method is-config="true" signature="closePage()[pri:0, instance:TestsUI.TestoPositivaNegativa@476ec9d0]" started-at="2020-09-17T12:21:04 MSK" name="closePage" finished-at="2020-09-17T12:21:05 MSK" duration-ms="683" status="PASS">
          <reporter-output>
          </reporter-output>
        </test-method> <!-- closePage -->
        <test-method is-config="true" signature="openPage()[pri:0, instance:TestsUI.TestoPositivaNegativa@476ec9d0]" started-at="2020-09-17T12:21:05 MSK" name="openPage" finished-at="2020-09-17T12:21:13 MSK" duration-ms="7721" status="PASS">
          <reporter-output>
          </reporter-output>
        </test-method> <!-- openPage -->
        <test-method signature="bubbleTest()[pri:0, instance:TestsUI.TestoPositivaNegativa@476ec9d0]" started-at="2020-09-17T12:21:13 MSK" name="bubbleTest" finished-at="2020-09-17T12:21:17 MSK" duration-ms="3814" status="PASS">
          <reporter-output>
          </reporter-output>
        </test-method> <!-- bubbleTest -->
        <test-method is-config="true" signature="closePage()[pri:0, instance:TestsUI.TestoPositivaNegativa@476ec9d0]" started-at="2020-09-17T12:21:17 MSK" name="closePage" finished-at="2020-09-17T12:21:18 MSK" duration-ms="1190" status="PASS">
          <reporter-output>
          </reporter-output>
        </test-method> <!-- closePage -->
        <test-method is-config="true" signature="openPage()[pri:0, instance:TestsUI.TestoPositivaNegativa@476ec9d0]" started-at="2020-09-17T12:21:18 MSK" name="openPage" finished-at="2020-09-17T12:21:25 MSK" duration-ms="7249" status="PASS">
          <reporter-output>
          </reporter-output>
        </test-method> <!-- openPage -->
        <test-method signature="dataTypeValueTest()[pri:0, instance:TestsUI.TestoPositivaNegativa@476ec9d0]" started-at="2020-09-17T12:21:25 MSK" name="dataTypeValueTest" finished-at="2020-09-17T12:21:29 MSK" duration-ms="4008" status="PASS">
          <reporter-output>
          </reporter-output>
        </test-method> <!-- dataTypeValueTest -->
        <test-method is-config="true" signature="closePage()[pri:0, instance:TestsUI.TestoPositivaNegativa@476ec9d0]" started-at="2020-09-17T12:21:29 MSK" name="closePage" finished-at="2020-09-17T12:21:30 MSK" duration-ms="689" status="PASS">
          <reporter-output>
          </reporter-output>
        </test-method> <!-- closePage -->
        <test-method is-config="true" signature="openPage()[pri:0, instance:TestsUI.TestoPositivaNegativa@476ec9d0]" started-at="2020-09-17T12:21:30 MSK" name="openPage" finished-at="2020-09-17T12:21:37 MSK" duration-ms="7116" status="PASS">
          <reporter-output>
          </reporter-output>
        </test-method> <!-- openPage -->
        <test-method signature="defectiveTest()[pri:0, instance:TestsUI.TestoPositivaNegativa@476ec9d0]" started-at="2020-09-17T12:21:37 MSK" name="defectiveTest" finished-at="2020-09-17T12:21:39 MSK" duration-ms="1904" status="PASS">
          <reporter-output>
          </reporter-output>
        </test-method> <!-- defectiveTest -->
        <test-method is-config="true" signature="closePage()[pri:0, instance:TestsUI.TestoPositivaNegativa@476ec9d0]" started-at="2020-09-17T12:21:39 MSK" name="closePage" finished-at="2020-09-17T12:21:40 MSK" duration-ms="733" status="PASS">
          <reporter-output>
          </reporter-output>
        </test-method> <!-- closePage -->
        <test-method is-config="true" signature="openPage()[pri:0, instance:TestsUI.TestoPositivaNegativa@476ec9d0]" started-at="2020-09-17T12:21:40 MSK" name="openPage" finished-at="2020-09-17T12:21:48 MSK" duration-ms="7813" status="PASS">
          <reporter-output>
          </reporter-output>
        </test-method> <!-- openPage -->
        <test-method signature="imagedialogTest()[pri:0, instance:TestsUI.TestoPositivaNegativa@476ec9d0]" started-at="2020-09-17T12:21:48 MSK" name="imagedialogTest" finished-at="2020-09-17T12:21:52 MSK" duration-ms="4678" status="PASS">
          <reporter-output>
          </reporter-output>
        </test-method> <!-- imagedialogTest -->
        <test-method is-config="true" signature="closePage()[pri:0, instance:TestsUI.TestoPositivaNegativa@476ec9d0]" started-at="2020-09-17T12:21:52 MSK" name="closePage" finished-at="2020-09-17T12:21:53 MSK" duration-ms="687" status="PASS">
          <reporter-output>
          </reporter-output>
        </test-method> <!-- closePage -->
        <test-method is-config="true" signature="openPage()[pri:0, instance:TestsUI.TestoPositivaNegativa@476ec9d0]" started-at="2020-09-17T12:21:53 MSK" name="openPage" finished-at="2020-09-17T12:22:00 MSK" duration-ms="7094" status="PASS">
          <reporter-output>
          </reporter-output>
        </test-method> <!-- openPage -->
        <test-method signature="limitValueTest()[pri:0, instance:TestsUI.TestoPositivaNegativa@476ec9d0]" started-at="2020-09-17T12:22:00 MSK" name="limitValueTest" finished-at="2020-09-17T12:22:03 MSK" duration-ms="3225" status="PASS">
          <reporter-output>
          </reporter-output>
        </test-method> <!-- limitValueTest -->
        <test-method is-config="true" signature="closePage()[pri:0, instance:TestsUI.TestoPositivaNegativa@476ec9d0]" started-at="2020-09-17T12:22:03 MSK" name="closePage" finished-at="2020-09-17T12:22:04 MSK" duration-ms="718" status="PASS">
          <reporter-output>
          </reporter-output>
        </test-method> <!-- closePage -->
      </class> <!-- TestsUI.TestoPositivaNegativa -->
    </test> <!-- pos+neg -->
    <test started-at="2020-09-17T12:22:04 MSK" name="destroyer" finished-at="2020-09-17T12:22:16 MSK" duration-ms="11559">
      <class name="TestsUI.TestoTerminar">
        <test-method is-config="true" signature="openPage()[pri:0, instance:TestsUI.TestoTerminar@1e9804b9]" started-at="2020-09-17T12:22:04 MSK" name="openPage" finished-at="2020-09-17T12:22:12 MSK" duration-ms="7685" status="PASS">
          <reporter-output>
          </reporter-output>
        </test-method> <!-- openPage -->
        <test-method signature="killmeplsTest()[pri:0, instance:TestsUI.TestoTerminar@1e9804b9]" started-at="2020-09-17T12:22:12 MSK" name="killmeplsTest" finished-at="2020-09-17T12:22:15 MSK" duration-ms="3069" status="PASS">
          <reporter-output>
          </reporter-output>
        </test-method> <!-- killmeplsTest -->
        <test-method is-config="true" signature="closePage()[pri:0, instance:TestsUI.TestoTerminar@1e9804b9]" started-at="2020-09-17T12:22:15 MSK" name="closePage" finished-at="2020-09-17T12:22:16 MSK" duration-ms="792" status="PASS">
          <reporter-output>
          </reporter-output>
        </test-method> <!-- closePage -->
      </class> <!-- TestsUI.TestoTerminar -->
    </test> <!-- destroyer -->
  </suite> <!-- likeasnake -->
</testng-results>
