<?xml version="1.0" encoding="UTF-8"?>
<testsuite xmlns:xsi="http://www.w3.org/2001/XMLSchema-instance" xsi:noNamespaceSchemaLocation="https://maven.apache.org/surefire/maven-surefire-plugin/xsd/surefire-test-report.xsd" name="TestSuite" time="108.444" tests="11" errors="0" skipped="0" failures="2">
  <properties>
[...]
</properties>
  <testcase name="addMilestone" classname="TestsAPI.apiTest" time="4.268">
    <failure message="1 expectation failed.&#10;JSON path name doesn&apos;t match.&#10;Expected: is &quot;Ivanton&quot;&#10;  Actual: null&#10;" type="java.lang.AssertionError">java.lang.AssertionError: 
1 expectation failed.
JSON path name doesn't match.
Expected: is "Ivanton"
  Actual: null

	at TestsAPI.apiTest.addMilestone(apiTest.java:29)
</failure>
    <system-out><![CDATA[{
    "error": "Field :project_id is not a valid or accessible project."
}
]]></system-out>
  </testcase>
  <testcase name="getMilesIAMNOTOK" classname="TestsAPI.apiTest" time="1.078">
    <failure message="1 expectation failed.&#10;JSON path name doesn&apos;t match.&#10;Expected: is &quot;Ivanton&quot;&#10;  Actual: null&#10;" type="java.lang.AssertionError">java.lang.AssertionError: 
1 expectation failed.
JSON path name doesn't match.
Expected: is "Ivanton"
  Actual: null

	at TestsAPI.apiTest.getMilesIAMNOTOK(apiTest.java:44)
</failure>
    <system-out><![CDATA[{
    "error": "Field :milestone_id is not a valid milestone."
}
]]></system-out>
  </testcase>
  <testcase name="getMilesIAMOK" classname="TestsAPI.apiTest" time="1.125"/>
  <testcase name="addMilesTest" classname="TestsUI.TestoAmbiente" time="5.279"/>
  <testcase name="badDataTest" classname="TestsUI.TestoPositivaNegativa" time="4.296"/>
  <testcase name="bubbleTest" classname="TestsUI.TestoPositivaNegativa" time="3.302"/>
  <testcase name="dataTypeValueTest" classname="TestsUI.TestoPositivaNegativa" time="4.457"/>
  <testcase name="defectiveTest" classname="TestsUI.TestoPositivaNegativa" time="2.06"/>
  <testcase name="imagedialogTest" classname="TestsUI.TestoPositivaNegativa" time="4.637"/>
  <testcase name="limitValueTest" classname="TestsUI.TestoPositivaNegativa" time="3.823"/>
  <testcase name="killmeplsTest" classname="TestsUI.TestoTerminar" time="3.482"/>
</testsuite>