<?xml version="1.0" encoding="UTF-8"?>
<!-- Generated by org.testng.reporters.JUnitXMLReporter -->
<testsuite ignored="0" hostname="User-PC" failures="0" tests="6" name="check" time="68.636" errors="0" timestamp="2020-09-17T10:30:52 MSK">
  <testcase classname="TestsUI.TestoPositivaNegativa" name="badDataTest" time="3.747"/>
  <testcase classname="TestsUI.TestoPositivaNegativa" name="bubbleTest" time="3.083"/>
  <testcase classname="TestsUI.TestoPositivaNegativa" name="dataTypeValueTest" time="3.782"/>
  <testcase classname="TestsUI.TestoPositivaNegativa" name="defectiveTest" time="1.904"/>
  <testcase classname="TestsUI.TestoPositivaNegativa" name="imagedialogTest" time="4.136"/>
  <testcase classname="TestsUI.TestoPositivaNegativa" name="limitValueTest" time="3.368"/>
</testsuite> <!-- check -->
