<?xml version="1.0" encoding="UTF-8"?>
<!-- Generated by org.testng.reporters.JUnitXMLReporter -->
<testsuite ignored="0" hostname="User-PC" failures="0" tests="4" name="start" time="18.806" errors="0" timestamp="2020-09-17T10:29:43 MSK">
  <testcase classname="TestsAPI.apiTest" name="addMilestone" time="5.885"/>
  <testcase classname="TestsAPI.apiTest" name="getMilesIAMNOTOK" time="1.146"/>
  <testcase classname="TestsAPI.apiTest" name="getMilesIAMOK" time="1.104"/>
  <testcase classname="TestsUI.TestoAmbiente" name="addMilesTest" time="5.935"/>
</testsuite> <!-- start -->
