<?xml version="1.0" encoding="UTF-8"?>
<!-- Generated by org.testng.reporters.JUnitXMLReporter -->
<testsuite ignored="0" hostname="User-PC" failures="0" tests="4" name="api+begin" time="24.165" errors="0" timestamp="2020-09-17T12:20:51 MSK">
  <testcase classname="TestsAPI.apiTest" name="addMilestone" time="4.573"/>
  <testcase classname="TestsAPI.apiTest" name="getMilesIAMNOTOK" time="1.169"/>
  <testcase classname="TestsAPI.apiTest" name="getMilesIAMOK" time="1.045"/>
  <testcase classname="TestsUI.TestoAmbiente" name="addMilesTest" time="5.718"/>
</testsuite> <!-- api+begin -->
