<?xml version="1.0" encoding="UTF-8"?>
<!-- Generated by org.testng.reporters.JUnitXMLReporter -->
<testsuite ignored="0" hostname="User-PC" failures="0" tests="6" name="pos+neg" time="70.984" errors="0" timestamp="2020-09-14T22:36:50 MSK">
  <testcase classname="TestsUI.TestoPositivaNegativa" name="badDataTest" time="4.3"/>
  <testcase classname="TestsUI.TestoPositivaNegativa" name="bubbleTest" time="3.303"/>
  <testcase classname="TestsUI.TestoPositivaNegativa" name="dataTypeValueTest" time="4.459"/>
  <testcase classname="TestsUI.TestoPositivaNegativa" name="defectiveTest" time="2.061"/>
  <testcase classname="TestsUI.TestoPositivaNegativa" name="imagedialogTest" time="4.638"/>
  <testcase classname="TestsUI.TestoPositivaNegativa" name="limitValueTest" time="3.824"/>
</testsuite> <!-- pos+neg -->
