<?xml version="1.0" encoding="UTF-8"?>
<!-- Generated by org.testng.reporters.JUnitXMLReporter -->
<testsuite ignored="0" hostname="User-PC" failures="0" tests="6" name="pos+neg" time="70.974" errors="0" timestamp="2020-09-14T22:24:52 MSK">
  <testcase classname="TestsUI.TestoPositivaNegativa" name="badDataTest" time="4.381"/>
  <testcase classname="TestsUI.TestoPositivaNegativa" name="bubbleTest" time="3.276"/>
  <testcase classname="TestsUI.TestoPositivaNegativa" name="dataTypeValueTest" time="4.241"/>
  <testcase classname="TestsUI.TestoPositivaNegativa" name="defectiveTest" time="1.939"/>
  <testcase classname="TestsUI.TestoPositivaNegativa" name="imagedialogTest" time="4.464"/>
  <testcase classname="TestsUI.TestoPositivaNegativa" name="limitValueTest" time="3.845"/>
</testsuite> <!-- pos+neg -->
